<?xml version="1.0" encoding="UTF-8"?>
<testsuite xmlns:xsi="http://www.w3.org/2001/XMLSchema-instance" xsi:noNamespaceSchemaLocation="https://maven.apache.org/surefire/maven-surefire-plugin/xsd/surefire-test-report.xsd" name="testRunner.TestRunner" time="70.84" tests="1" errors="1" skipped="0" failures="0">
  <properties>
[...]
</properties>
  <testcase name="Verifying links under Websites In Our Network" classname="Home page UI Validation" time="68.595">
    <error message="timeout: Timed out receiving message from renderer: 20.000&#10;  (Session info: chrome=109.0.5414.75)&#10;Build info: version: &apos;4.1.3&apos;, revision: &apos;7b1ebf28ef&apos;&#10;System info: host: &apos;PARA-LS-767766&apos;, ip: &apos;192.168.1.15&apos;, os.name: &apos;Windows 10&apos;, os.arch: &apos;amd64&apos;, os.version: &apos;10.0&apos;, java.version: &apos;19.0.1&apos;&#10;Driver info: org.openqa.selenium.chrome.ChromeDriver&#10;Command: [b93d98dfeecb4d82682b38c3daf8e891, clickElement {id=939bf969-1853-4143-bc1e-8652a65ecb9c}]&#10;Capabilities {acceptInsecureCerts: false, browserName: chrome, browserVersion: 109.0.5414.75, chrome: {chromedriverVersion: 109.0.5414.74 (e7c5703604da..., userDataDir: C:\Users\MUDEA~1.REK\AppDat...}, goog:chromeOptions: {debuggerAddress: localhost:52644}, javascriptEnabled: true, networkConnectionEnabled: false, pageLoadStrategy: normal, platform: WINDOWS, platformName: WINDOWS, proxy: Proxy(), se:cdp: ws://localhost:52644/devtoo..., se:cdpVersion: 109.0.5414.75, setWindowRect: true, strictFileInteractability: false, timeouts: {implicit: 0, pageLoad: 300000, script: 30000}, unhandledPromptBehavior: dismiss and notify, webauthn:extension:credBlob: true, webauthn:extension:largeBlob: true, webauthn:virtualAuthenticators: true}&#10;Element: [[ChromeDriver: chrome on WINDOWS (b93d98dfeecb4d82682b38c3daf8e891)] -&gt; xpath: //div[contains(@class,&apos;afterFooter__companyList &apos;)]//a//img[@alt=&apos;Spears&apos;]]&#10;Session ID: b93d98dfeecb4d82682b38c3daf8e891" type="org.openqa.selenium.TimeoutException">org.openqa.selenium.TimeoutException: 
timeout: Timed out receiving message from renderer: 20.000
  (Session info: chrome=109.0.5414.75)
Build info: version: '4.1.3', revision: '7b1ebf28ef'
System info: host: 'PARA-LS-767766', ip: '192.168.1.15', os.name: 'Windows 10', os.arch: 'amd64', os.version: '10.0', java.version: '19.0.1'
Driver info: org.openqa.selenium.chrome.ChromeDriver
Command: [b93d98dfeecb4d82682b38c3daf8e891, clickElement {id=939bf969-1853-4143-bc1e-8652a65ecb9c}]
Capabilities {acceptInsecureCerts: false, browserName: chrome, browserVersion: 109.0.5414.75, chrome: {chromedriverVersion: 109.0.5414.74 (e7c5703604da..., userDataDir: C:\Users\MUDEA~1.REK\AppDat...}, goog:chromeOptions: {debuggerAddress: localhost:52644}, javascriptEnabled: true, networkConnectionEnabled: false, pageLoadStrategy: normal, platform: WINDOWS, platformName: WINDOWS, proxy: Proxy(), se:cdp: ws://localhost:52644/devtoo..., se:cdpVersion: 109.0.5414.75, setWindowRect: true, strictFileInteractability: false, timeouts: {implicit: 0, pageLoad: 300000, script: 30000}, unhandledPromptBehavior: dismiss and notify, webauthn:extension:credBlob: true, webauthn:extension:largeBlob: true, webauthn:virtualAuthenticators: true}
Element: [[ChromeDriver: chrome on WINDOWS (b93d98dfeecb4d82682b38c3daf8e891)] -> xpath: //div[contains(@class,'afterFooter__companyList ')]//a//img[@alt='Spears']]
Session ID: b93d98dfeecb4d82682b38c3daf8e891
</error>
    <system-out><![CDATA[
@AllTestCases @tag11
Scenario Outline: Verifying links under Websites In Our Network          &amp#27;[90m# features/city.feature:158&amp#27;[0m
 INFO [main] (CapitalmonitorStepDefiniton.java:56)- Loading config Properties file
 INFO [main] (CapitalmonitorStepDefiniton.java:67)- Using browser- chrome
 INFO [main] (CapitalmonitorStepDefiniton.java:69)- Getting chrome webdriver
 INFO [main] (CityMonitorStepDefinition.java:41)- Loading config Properties file
 INFO [main] (CityMonitorStepDefinition.java:52)- Using browser- chrome
 INFO [main] (CityMonitorStepDefinition.java:54)- Getting chrome webdriver
 INFO [main] (PmiStepDefinition.java:41)- Loading config Properties file
 INFO [main] (PmiStepDefinition.java:52)- Using browser- chrome
 INFO [main] (PmiStepDefinition.java:54)- Getting chrome webdriver
 INFO [main] (CityMonitorStepDefinition.java:75)- Launched an application Url: using https://citymonitor.ai/
  &amp#27;[32mGiven &amp#27;[0m&amp#27;[32mOpen the City Monitor website&amp#27;[0m                                    &amp#27;[90m# steps.CityMonitorStepDefinition.open_the_city_monitor_website()&amp#27;[0m
  &amp#27;[32mWhen &amp#27;[0m&amp#27;[32muser able to Scroll down to the footer section&amp#27;[0m                    &amp#27;[90m# steps.CapitalmonitorStepDefiniton.user_able_to_scroll_down_to_the_footer_section()&amp#27;[0m
menus
  &amp#27;[32mThen &amp#27;[0m&amp#27;[32mCheck whether there are  &amp#27;[0m&amp#27;[32m&amp#27;[1m"<Websites>"&amp#27;[0m&amp#27;[32m icons in the footer section&amp#27;[0m &amp#27;[90m# steps.CapitalmonitorStepDefiniton.check_whether_there_are_icons_in_the_footer_section(java.lang.String)&amp#27;[0m
h
h
h
h
h
  &amp#27;[31mAnd &amp#27;[0m&amp#27;[31mClick on any menu and it should be their in the  respective page&amp#27;[0m   &amp#27;[90m# steps.CityMonitorStepDefinition.click_on_any_menu_and_it_should_be_their_in_the_respective_page(io.cucumber.datatable.DataTable)&amp#27;[0m
    | Tech Monitor       |
    | Capital Monitor    |
    | The New Statesman  |
    | Press Gazette      |
    | Spears             |
    | World of Fine wine |
    | Elite Traveler     |
      &amp#27;[31morg.openqa.selenium.TimeoutException: timeout: Timed out receiving message from renderer: 20.000
  (Session info: chrome=109.0.5414.75)
Build info: version: '4.1.3', revision: '7b1ebf28ef'
System info: host: 'PARA-LS-767766', ip: '192.168.1.15', os.name: 'Windows 10', os.arch: 'amd64', os.version: '10.0', java.version: '19.0.1'
Driver info: org.openqa.selenium.chrome.ChromeDriver
Command: [b93d98dfeecb4d82682b38c3daf8e891, clickElement {id=939bf969-1853-4143-bc1e-8652a65ecb9c}]
Capabilities {acceptInsecureCerts: false, browserName: chrome, browserVersion: 109.0.5414.75, chrome: {chromedriverVersion: 109.0.5414.74 (e7c5703604da..., userDataDir: C:\Users\MUDEA~1.REK\AppDat...}, goog:chromeOptions: {debuggerAddress: localhost:52644}, javascriptEnabled: true, networkConnectionEnabled: false, pageLoadStrategy: normal, platform: WINDOWS, platformName: WINDOWS, proxy: Proxy(), se:cdp: ws://localhost:52644/devtoo..., se:cdpVersion: 109.0.5414.75, setWindowRect: true, strictFileInteractability: false, timeouts: {implicit: 0, pageLoad: 300000, script: 30000}, unhandledPromptBehavior: dismiss and notify, webauthn:extension:credBlob: true, webauthn:extension:largeBlob: true, webauthn:virtualAuthenticators: true}
Element: [[ChromeDriver: chrome on WINDOWS (b93d98dfeecb4d82682b38c3daf8e891)] -> xpath: //div[contains(@class,'afterFooter__companyList ')]//a//img[@alt='Spears']]
Session ID: b93d98dfeecb4d82682b38c3daf8e891
	at java.base/jdk.internal.reflect.DirectConstructorHandleAccessor.newInstance(DirectConstructorHandleAccessor.java:67)
	at java.base/java.lang.reflect.Constructor.newInstanceWithCaller(Constructor.java:500)
	at java.base/java.lang.reflect.Constructor.newInstance(Constructor.java:484)
	at org.openqa.selenium.remote.codec.w3c.W3CHttpResponseCodec.createException(W3CHttpResponseCodec.java:200)
	at org.openqa.selenium.remote.codec.w3c.W3CHttpResponseCodec.decode(W3CHttpResponseCodec.java:133)
	at org.openqa.selenium.remote.codec.w3c.W3CHttpResponseCodec.decode(W3CHttpResponseCodec.java:53)
	at org.openqa.selenium.remote.HttpCommandExecutor.execute(HttpCommandExecutor.java:184)
	at org.openqa.selenium.remote.service.DriverCommandExecutor.invokeExecute(DriverCommandExecutor.java:167)
	at org.openqa.selenium.remote.service.DriverCommandExecutor.execute(DriverCommandExecutor.java:142)
	at org.openqa.selenium.remote.RemoteWebDriver.execute(RemoteWebDriver.java:567)
	at org.openqa.selenium.remote.RemoteWebElement.execute(RemoteWebElement.java:251)
	at org.openqa.selenium.remote.RemoteWebElement.click(RemoteWebElement.java:77)
	at steps.CityMonitorStepDefinition.click_on_any_menu_and_it_should_be_their_in_the_respective_page(CityMonitorStepDefinition.java:307)
	at ✽.Click on any menu and it should be their in the  respective page(file:///C:/Users/Mudea.Rekha/OneDrive%20-%20parasemper.com/Desktop/Projects/features/city.feature:162)
&amp#27;[0m
]]></system-out>
    <system-err><![CDATA[Starting ChromeDriver 109.0.5414.74 (e7c5703604daa9cc128ccf5a5d3e993513758913-refs/branch-heads/5414@{#1172}) on port 64496
Only local connections are allowed.
Please see https://chromedriver.chromium.org/security-considerations for suggestions on keeping ChromeDriver safe.
ChromeDriver was started successfully.
Jan 23, 2023 3:38:23 PM org.openqa.selenium.remote.ProtocolHandshake createSession
INFO: Detected dialect: W3C
Jan 23, 2023 3:38:23 PM org.openqa.selenium.devtools.CdpVersionFinder findNearestMatch
WARNING: Unable to find an exact match for CDP version 109, so returning the closest version found: a no-op implementation
Jan 23, 2023 3:38:23 PM org.openqa.selenium.devtools.CdpVersionFinder findNearestMatch
INFO: Unable to find CDP implementation matching 109.
Jan 23, 2023 3:38:23 PM org.openqa.selenium.chromium.ChromiumDriver lambda$new$3
WARNING: Unable to find version of CDP to use for . You may need to include a dependency on a specific version of the CDP using something similar to `org.seleniumhq.selenium:selenium-devtools-v86:4.1.3` where the version ("v86") matches the version of the chromium-based browser you're using and the version number of the artifact is the same as Selenium's.
[1674468570.785][SEVERE]: Timed out receiving message from renderer: 20.000
[1674468570.788][SEVERE]: Timed out receiving message from renderer: 20.000
]]></system-err>
  </testcase>
</testsuite>